\BOOKMARK [1][-]{section.1}{Gii thiu \040t\340i}{}% 1
\BOOKMARK [2][-]{subsection.1.1}{Tng quan v ch\355nh phu in t}{section.1}% 2
\BOOKMARK [2][-]{subsection.1.2}{Chi tit v \040t\340i}{section.1}% 3
\BOOKMARK [1][-]{section.2}{C\341c d \341n tng t}{}% 4
\BOOKMARK [2][-]{subsection.2.1}{Tr\352n th gii}{section.2}% 5
\BOOKMARK [3][-]{subsubsection.2.1.1}{New York}{subsection.2.1}% 6
\BOOKMARK [3][-]{subsubsection.2.1.2}{Singapore}{subsection.2.1}% 7
\BOOKMARK [2][-]{subsection.2.2}{Tai Vit Nam}{section.2}% 8
\BOOKMARK [1][-]{section.3}{Kin thc nn}{}% 9
\BOOKMARK [2][-]{subsection.3.1}{Open311}{section.3}% 10
\BOOKMARK [3][-]{subsubsection.3.1.1}{Gii thiu v\340 inh ngh\232a}{subsection.3.1}% 11
\BOOKMARK [3][-]{subsubsection.3.1.2}{GeoReport v2}{subsection.3.1}% 12
\BOOKMARK [2][-]{subsection.3.2}{RESTful Web Service}{section.3}% 13
\BOOKMARK [2][-]{subsection.3.3}{JPA}{section.3}% 14
\BOOKMARK [2][-]{subsection.3.4}{AngularJS}{section.3}% 15
\BOOKMARK [2][-]{subsection.3.5}{Android}{section.3}% 16
\BOOKMARK [1][-]{section.4}{Hin thc d \341n}{}% 17
\BOOKMARK [2][-]{subsection.4.1}{C s d liu}{section.4}% 18
\BOOKMARK [2][-]{subsection.4.2}{Client}{section.4}% 19
\BOOKMARK [2][-]{subsection.4.3}{Server}{section.4}% 20
\BOOKMARK [1][-]{section.5}{Kh\363 khan v\340 khc phuc}{}% 21
\BOOKMARK [1][-]{section.6}{M rng \040t\340i}{}% 22
\BOOKMARK [1][-]{section.7}{Kt lun}{}% 23
\BOOKMARK [1][-]{section.8}{Phu luc}{}% 24
