[0406/161019:ERROR:process_info.cc(608)] range at 0xfeeac000, size 0x230 fully unreadable
[0406/161019:ERROR:process_reader_win.cc(141)] SuspendThread: Access is denied. (0x5)
[0406/161019:ERROR:process_reader_win.cc(141)] SuspendThread: Access is denied. (0x5)
[0406/161019:ERROR:process_info.cc(608)] range at 0xfeeaf000, size 0xf84 fully unreadable
[0406/161019:ERROR:process_info.cc(608)] range at 0xfeeaa000, size 0xf84 fully unreadable
[0406/161019:ERROR:process_info.cc(608)] range at 0xfeea7000, size 0xf84 fully unreadable
[0406/161019:ERROR:process_info.cc(608)] range at 0xfed8f000, size 0xf84 fully unreadable
[0406/161019:ERROR:process_info.cc(608)] range at 0xfed8c000, size 0xf84 fully unreadable
[0406/161019:ERROR:process_info.cc(608)] range at 0xfed89000, size 0xf84 fully unreadable
[0406/161019:ERROR:process_info.cc(608)] range at 0xfed86000, size 0xf84 fully unreadable
[0406/161019:ERROR:process_info.cc(608)] range at 0xfed83000, size 0xf84 fully unreadable
[0406/161019:ERROR:process_info.cc(608)] range at 0xfed80000, size 0xf84 fully unreadable
[0406/161019:ERROR:process_reader_win.cc(232)] ReadMemory at 0x77c72598 of 40 bytes failed: Only part of a ReadProcessMemory or WriteProcessMemory request was completed. (0x12B)
[0406/161019:WARNING:pe_image_reader.cc(154)] could not read debug directory from C:\Windows\SYSTEM32\KERNELBASE.dll
[0406/161019:ERROR:process_reader_win.cc(232)] ReadMemory at 0x75e30000 of 64 bytes failed: Only part of a ReadProcessMemory or WriteProcessMemory request was completed. (0x12B)
[0406/161019:WARNING:pe_image_reader.cc(280)] could not read dos header from C:\Windows\SYSTEM32\KERNEL32.dll
[0406/161019:ERROR:process_reader_win.cc(232)] ReadMemory at 0x71a40000 of 64 bytes failed: Only part of a ReadProcessMemory or WriteProcessMemory request was completed. (0x12B)
[0406/161019:WARNING:pe_image_reader.cc(280)] could not read dos header from C:\Windows\system32\apphelp.dll
[0406/161019:ERROR:process_reader_win.cc(232)] ReadMemory at 0x77760000 of 64 bytes failed: Only part of a ReadProcessMemory or WriteProcessMemory request was completed. (0x12B)
[0406/161019:WARNING:pe_image_reader.cc(280)] could not read dos header from C:\Windows\SYSTEM32\msvcrt.dll
[0406/161019:ERROR:process_reader_win.cc(232)] ReadMemory at 0x74f10000 of 64 bytes failed: Only part of a ReadProcessMemory or WriteProcessMemory request was completed. (0x12B)
[0406/161019:WARNING:pe_image_reader.cc(280)] could not read dos header from C:\Windows\SYSTEM32\bcryptPrimitives.dll
[0406/161019:ERROR:process_reader_win.cc(232)] ReadMemory at 0x74f70000 of 64 bytes failed: Only part of a ReadProcessMemory or WriteProcessMemory request was completed. (0x12B)
[0406/161019:WARNING:pe_image_reader.cc(280)] could not read dos header from C:\Windows\SYSTEM32\CRYPTBASE.dll
[0406/161019:ERROR:process_reader_win.cc(232)] ReadMemory at 0x74f80000 of 64 bytes failed: Only part of a ReadProcessMemory or WriteProcessMemory request was completed. (0x12B)
[0406/161019:WARNING:pe_image_reader.cc(280)] could not read dos header from C:\Windows\SYSTEM32\SspiCli.dll
[0406/161019:ERROR:process_reader_win.cc(232)] ReadMemory at 0x77a30000 of 64 bytes failed: Only part of a ReadProcessMemory or WriteProcessMemory request was completed. (0x12B)
[0406/161019:WARNING:pe_image_reader.cc(280)] could not read dos header from C:\Windows\SYSTEM32\RPCRT4.dll
[0406/161019:ERROR:process_reader_win.cc(232)] ReadMemory at 0x77710000 of 64 bytes failed: Only part of a ReadProcessMemory or WriteProcessMemory request was completed. (0x12B)
[0406/161019:WARNING:pe_image_reader.cc(280)] could not read dos header from C:\Windows\SYSTEM32\sechost.dll
[0406/161019:ERROR:process_reader_win.cc(232)] ReadMemory at 0x75db0000 of 64 bytes failed: Only part of a ReadProcessMemory or WriteProcessMemory request was completed. (0x12B)
[0406/161019:WARNING:pe_image_reader.cc(280)] could not read dos header from C:\Windows\SYSTEM32\ADVAPI32.dll
[0406/161019:ERROR:process_reader_win.cc(232)] ReadMemory at 0x70e10000 of 64 bytes failed: Only part of a ReadProcessMemory or WriteProcessMemory request was completed. (0x12B)
[0406/161019:WARNING:pe_image_reader.cc(280)] could not read dos header from C:\Program Files (x86)\Google\Chrome\Application\49.0.2623.110\chrome_elf.dll
[0406/161019:ERROR:process_reader_win.cc(232)] ReadMemory at 0x746b0000 of 64 bytes failed: Only part of a ReadProcessMemory or WriteProcessMemory request was completed. (0x12B)
[0406/161019:WARNING:pe_image_reader.cc(280)] could not read dos header from C:\Windows\SYSTEM32\WINHTTP.dll
[0406/161019:ERROR:process_reader_win.cc(232)] ReadMemory at 0x74aa0000 of 64 bytes failed: Only part of a ReadProcessMemory or WriteProcessMemory request was completed. (0x12B)
[0406/161019:WARNING:pe_image_reader.cc(280)] could not read dos header from C:\Windows\SYSTEM32\VERSION.dll
[0406/161019:ERROR:process_reader_win.cc(232)] ReadMemory at 0x779f0000 of 64 bytes failed: Only part of a ReadProcessMemory or WriteProcessMemory request was completed. (0x12B)
[0406/161019:WARNING:pe_image_reader.cc(280)] could not read dos header from C:\Windows\SYSTEM32\cfgmgr32.dll
[0406/161019:ERROR:process_reader_win.cc(232)] ReadMemory at 0x718f0000 of 64 bytes failed: Only part of a ReadProcessMemory or WriteProcessMemory request was completed. (0x12B)
[0406/161019:WARNING:pe_image_reader.cc(280)] could not read dos header from C:\Windows\SYSTEM32\DEVOBJ.dll
[0406/161019:ERROR:process_reader_win.cc(232)] ReadMemory at 0x712e0000 of 64 bytes failed: Only part of a ReadProcessMemory or WriteProcessMemory request was completed. (0x12B)
[0406/161019:WARNING:pe_image_reader.cc(280)] could not read dos header from C:\Windows\SYSTEM32\WINMMBASE.dll
[0406/161019:ERROR:process_reader_win.cc(232)] ReadMemory at 0x77370000 of 64 bytes failed: Only part of a ReadProcessMemory or WriteProcessMemory request was completed. (0x12B)
[0406/161019:WARNING:pe_image_reader.cc(280)] could not read dos header from C:\Windows\SYSTEM32\GDI32.dll
[0406/161019:ERROR:process_reader_win.cc(232)] ReadMemory at 0x752a0000 of 64 bytes failed: Only part of a ReadProcessMemory or WriteProcessMemory request was completed. (0x12B)
[0406/161019:WARNING:pe_image_reader.cc(280)] could not read dos header from C:\Windows\SYSTEM32\USER32.dll
[0406/161019:ERROR:process_reader_win.cc(232)] ReadMemory at 0x75130000 of 64 bytes failed: Only part of a ReadProcessMemory or WriteProcessMemory request was completed. (0x12B)
[0406/161019:WARNING:pe_image_reader.cc(280)] could not read dos header from C:\Windows\SYSTEM32\MSCTF.dll
[0406/161019:ERROR:process_reader_win.cc(232)] ReadMemory at 0x753e0000 of 64 bytes failed: Only part of a ReadProcessMemory or WriteProcessMemory request was completed. (0x12B)
[0406/161019:WARNING:pe_image_reader.cc(280)] could not read dos header from C:\Windows\SYSTEM32\IMM32.DLL
[0406/161019:ERROR:process_reader_win.cc(232)] ReadMemory at 0x71310000 of 64 bytes failed: Only part of a ReadProcessMemory or WriteProcessMemory request was completed. (0x12B)
[0406/161019:WARNING:pe_image_reader.cc(280)] could not read dos header from C:\Windows\SYSTEM32\WINMM.dll
[0406/161019:ERROR:process_reader_win.cc(232)] ReadMemory at 0x77bd0000 of 64 bytes failed: Only part of a ReadProcessMemory or WriteProcessMemory request was completed. (0x12B)
[0406/161019:WARNING:pe_image_reader.cc(280)] could not read dos header from C:\Windows\SYSTEM32\profapi.dll
[0406/161019:ERROR:process_reader_win.cc(232)] ReadMemory at 0x73a00000 of 64 bytes failed: Only part of a ReadProcessMemory or WriteProcessMemory request was completed. (0x12B)
[0406/161019:WARNING:pe_image_reader.cc(280)] could not read dos header from C:\Windows\SYSTEM32\USERENV.dll
[0406/161019:ERROR:process_reader_win.cc(232)] ReadMemory at 0x74430000 of 64 bytes failed: Only part of a ReadProcessMemory or WriteProcessMemory request was completed. (0x12B)
[0406/161019:WARNING:pe_image_reader.cc(280)] could not read dos header from C:\Windows\SYSTEM32\WTSAPI32.dll
[0406/161019:ERROR:process_reader_win.cc(232)] ReadMemory at 0x75bf0000 of 64 bytes failed: Only part of a ReadProcessMemory or WriteProcessMemory request was completed. (0x12B)
[0406/161019:WARNING:pe_image_reader.cc(280)] could not read dos header from C:\Windows\SYSTEM32\combase.dll
[0406/161019:ERROR:process_reader_win.cc(232)] ReadMemory at 0x755a0000 of 64 bytes failed: Only part of a ReadProcessMemory or WriteProcessMemory request was completed. (0x12B)
[0406/161019:WARNING:pe_image_reader.cc(280)] could not read dos header from C:\Windows\SYSTEM32\shlwapi.dll
[0406/161019:ERROR:process_reader_win.cc(232)] ReadMemory at 0x75120000 of 64 bytes failed: Only part of a ReadProcessMemory or WriteProcessMemory request was completed. (0x12B)
[0406/161019:WARNING:pe_image_reader.cc(280)] could not read dos header from C:\Windows\SYSTEM32\kernel.appcore.dll
[0406/161019:ERROR:process_reader_win.cc(232)] ReadMemory at 0x755f0000 of 64 bytes failed: Only part of a ReadProcessMemory or WriteProcessMemory request was completed. (0x12B)
[0406/161019:WARNING:pe_image_reader.cc(280)] could not read dos header from C:\Windows\SYSTEM32\shcore.dll
[0406/161019:ERROR:process_reader_win.cc(232)] ReadMemory at 0x77820000 of 64 bytes failed: Only part of a ReadProcessMemory or WriteProcessMemory request was completed. (0x12B)
[0406/161019:WARNING:pe_image_reader.cc(280)] could not read dos header from C:\Windows\SYSTEM32\powrprof.dll
[0406/161019:ERROR:process_reader_win.cc(232)] ReadMemory at 0x75700000 of 64 bytes failed: Only part of a ReadProcessMemory or WriteProcessMemory request was completed. (0x12B)
[0406/161019:WARNING:pe_image_reader.cc(280)] could not read dos header from C:\Windows\SYSTEM32\windows.storage.dll
[0406/161019:ERROR:process_reader_win.cc(232)] ReadMemory at 0x75fb0000 of 64 bytes failed: Only part of a ReadProcessMemory or WriteProcessMemory request was completed. (0x12B)
[0406/161019:WARNING:pe_image_reader.cc(280)] could not read dos header from C:\Windows\SYSTEM32\SHELL32.dll
[0406/161019:ERROR:process_reader_win.cc(232)] ReadMemory at 0x75be0000 of 64 bytes failed: Only part of a ReadProcessMemory or WriteProcessMemory request was completed. (0x12B)
[0406/161019:WARNING:pe_image_reader.cc(280)] could not read dos header from C:\Windows\SYSTEM32\PSAPI.DLL
[0406/161019:ERROR:process_reader_win.cc(232)] ReadMemory at 0x74220000 of 64 bytes failed: Only part of a ReadProcessMemory or WriteProcessMemory request was completed. (0x12B)
[0406/161019:WARNING:pe_image_reader.cc(280)] could not read dos header from C:\Windows\SYSTEM32\bcrypt.dll
[0406/161019:ERROR:process_reader_win.cc(232)] ReadMemory at 0x70fd0000 of 64 bytes failed: Only part of a ReadProcessMemory or WriteProcessMemory request was completed. (0x12B)
[0406/161019:WARNING:pe_image_reader.cc(280)] could not read dos header from C:\Windows\SYSTEM32\WINSPOOL.DRV
[0406/161019:ERROR:process_reader_win.cc(232)] ReadMemory at 0x73510000 of 64 bytes failed: Only part of a ReadProcessMemory or WriteProcessMemory request was completed. (0x12B)
[0406/161019:WARNING:pe_image_reader.cc(280)] could not read dos header from C:\Windows\WinSxS\x86_microsoft.windows.common-controls_6595b64144ccf1df_6.0.10240.16384_none_3bccb1ff6bcd1849\COMCTL32.dll
[0406/161019:ERROR:process_reader_win.cc(232)] ReadMemory at 0x75480000 of 64 bytes failed: Only part of a ReadProcessMemory or WriteProcessMemory request was completed. (0x12B)
[0406/161019:WARNING:pe_image_reader.cc(280)] could not read dos header from C:\Windows\SYSTEM32\COMDLG32.dll
[0406/161019:ERROR:process_reader_win.cc(232)] ReadMemory at 0x77ae0000 of 64 bytes failed: Only part of a ReadProcessMemory or WriteProcessMemory request was completed. (0x12B)
[0406/161019:WARNING:pe_image_reader.cc(280)] could not read dos header from C:\Windows\SYSTEM32\ole32.dll
[0406/161019:ERROR:process_reader_win.cc(232)] ReadMemory at 0x774c0000 of 64 bytes failed: Only part of a ReadProcessMemory or WriteProcessMemory request was completed. (0x12B)
[0406/161019:WARNING:pe_image_reader.cc(280)] could not read dos header from C:\Windows\SYSTEM32\OLEAUT32.dll
[0406/161019:ERROR:process_reader_win.cc(232)] ReadMemory at 0x77870000 of 64 bytes failed: Only part of a ReadProcessMemory or WriteProcessMemory request was completed. (0x12B)
[0406/161019:WARNING:pe_image_reader.cc(280)] could not read dos header from C:\Windows\SYSTEM32\NSI.dll
[0406/161019:ERROR:process_reader_win.cc(232)] ReadMemory at 0x74610000 of 64 bytes failed: Only part of a ReadProcessMemory or WriteProcessMemory request was completed. (0x12B)
[0406/161019:WARNING:pe_image_reader.cc(280)] could not read dos header from C:\Windows\SYSTEM32\WINNSI.DLL
[0406/161019:ERROR:process_reader_win.cc(232)] ReadMemory at 0x74a50000 of 64 bytes failed: Only part of a ReadProcessMemory or WriteProcessMemory request was completed. (0x12B)
[0406/161019:WARNING:pe_image_reader.cc(280)] could not read dos header from C:\Windows\SYSTEM32\IPHLPAPI.DLL
[0406/161019:ERROR:process_reader_win.cc(232)] ReadMemory at 0x756a0000 of 64 bytes failed: Only part of a ReadProcessMemory or WriteProcessMemory request was completed. (0x12B)
[0406/161019:WARNING:pe_image_reader.cc(280)] could not read dos header from C:\Windows\SYSTEM32\WS2_32.dll
[0406/161019:ERROR:process_reader_win.cc(232)] ReadMemory at 0x71920000 of 64 bytes failed: Only part of a ReadProcessMemory or WriteProcessMemory request was completed. (0x12B)
[0406/161019:WARNING:pe_image_reader.cc(280)] could not read dos header from C:\Windows\SYSTEM32\USP10.dll
[0406/161019:ERROR:process_reader_win.cc(232)] ReadMemory at 0x77e60000 of 64 bytes failed: Only part of a ReadProcessMemory or WriteProcessMemory request was completed. (0x12B)
[0406/161019:WARNING:pe_image_reader.cc(280)] could not read dos header from C:\Windows\SYSTEM32\MSASN1.dll
[0406/161019:ERROR:process_reader_win.cc(232)] ReadMemory at 0x74fa0000 of 64 bytes failed: Only part of a ReadProcessMemory or WriteProcessMemory request was completed. (0x12B)
[0406/161019:WARNING:pe_image_reader.cc(280)] could not read dos header from C:\Windows\SYSTEM32\CRYPT32.dll
[0406/161019:ERROR:process_reader_win.cc(232)] ReadMemory at 0x75250000 of 64 bytes failed: Only part of a ReadProcessMemory or WriteProcessMemory request was completed. (0x12B)
[0406/161019:WARNING:pe_image_reader.cc(280)] could not read dos header from C:\Windows\SYSTEM32\WINTRUST.dll
[0406/161019:ERROR:process_reader_win.cc(232)] ReadMemory at 0x72470000 of 64 bytes failed: Only part of a ReadProcessMemory or WriteProcessMemory request was completed. (0x12B)
[0406/161019:WARNING:pe_image_reader.cc(280)] could not read dos header from C:\Windows\SYSTEM32\Secur32.dll
[0406/161019:ERROR:process_reader_win.cc(232)] ReadMemory at 0x63f10000 of 64 bytes failed: Only part of a ReadProcessMemory or WriteProcessMemory request was completed. (0x12B)
[0406/161019:WARNING:pe_image_reader.cc(280)] could not read dos header from C:\Program Files (x86)\Google\Chrome\Application\49.0.2623.110\chrome_child.dll
[0406/161019:ERROR:process_reader_win.cc(232)] ReadMemory at 0x70b70000 of 64 bytes failed: Only part of a ReadProcessMemory or WriteProcessMemory request was completed. (0x12B)
[0406/161019:WARNING:pe_image_reader.cc(280)] could not read dos header from C:\Program Files\AVAST Software\Avast\aswJsFlt.dll
[0406/161019:ERROR:process_reader_win.cc(232)] ReadMemory at 0x74ab0000 of 64 bytes failed: Only part of a ReadProcessMemory or WriteProcessMemory request was completed. (0x12B)
[0406/161019:WARNING:pe_image_reader.cc(280)] could not read dos header from C:\Windows\WinSxS\x86_avast.vc110.crt_2036b14a11e83e4a_11.0.60610.1_none_1d37a43bbfe1dc9c\MSVCR110.dll
[0406/161019:ERROR:process_reader_win.cc(232)] ReadMemory at 0x74cc0000 of 64 bytes failed: Only part of a ReadProcessMemory or WriteProcessMemory request was completed. (0x12B)
[0406/161019:WARNING:pe_image_reader.cc(280)] could not read dos header from C:\PROGRA~1\AVASTS~1\Avast\aswCmnIS.dll
[0406/161019:ERROR:process_reader_win.cc(232)] ReadMemory at 0x74b90000 of 64 bytes failed: Only part of a ReadProcessMemory or WriteProcessMemory request was completed. (0x12B)
[0406/161019:WARNING:pe_image_reader.cc(280)] could not read dos header from C:\Windows\WinSxS\x86_avast.vc110.crt_2036b14a11e83e4a_11.0.60610.1_none_1d37a43bbfe1dc9c\MSVCP110.dll
[0406/161019:ERROR:process_reader_win.cc(232)] ReadMemory at 0x74d50000 of 64 bytes failed: Only part of a ReadProcessMemory or WriteProcessMemory request was completed. (0x12B)
[0406/161019:WARNING:pe_image_reader.cc(280)] could not read dos header from C:\PROGRA~1\AVASTS~1\Avast\aswCmnOS.dll
[0406/161019:ERROR:process_reader_win.cc(232)] ReadMemory at 0x74eb0000 of 64 bytes failed: Only part of a ReadProcessMemory or WriteProcessMemory request was completed. (0x12B)
[0406/161019:WARNING:pe_image_reader.cc(280)] could not read dos header from C:\PROGRA~1\AVASTS~1\Avast\aswCmnBS.dll
[0406/161019:ERROR:process_reader_win.cc(232)] ReadMemory at 0x74240000 of 64 bytes failed: Only part of a ReadProcessMemory or WriteProcessMemory request was completed. (0x12B)
[0406/161019:WARNING:pe_image_reader.cc(280)] could not read dos header from C:\Windows\SYSTEM32\wkscli.dll
[0406/161019:ERROR:process_reader_win.cc(232)] ReadMemory at 0x739e0000 of 64 bytes failed: Only part of a ReadProcessMemory or WriteProcessMemory request was completed. (0x12B)
[0406/161019:WARNING:pe_image_reader.cc(280)] could not read dos header from C:\Windows\SYSTEM32\srvcli.dll
[0406/161019:ERROR:process_reader_win.cc(232)] ReadMemory at 0x739d0000 of 64 bytes failed: Only part of a ReadProcessMemory or WriteProcessMemory request was completed. (0x12B)
[0406/161019:WARNING:pe_image_reader.cc(280)] could not read dos header from C:\Windows\SYSTEM32\netutils.dll
[0406/161019:ERROR:process_reader_win.cc(232)] ReadMemory at 0x73a20000 of 64 bytes failed: Only part of a ReadProcessMemory or WriteProcessMemory request was completed. (0x12B)
[0406/161019:WARNING:pe_image_reader.cc(280)] could not read dos header from C:\Windows\SYSTEM32\NETAPI32.dll
[0406/161019:ERROR:process_reader_win.cc(232)] ReadMemory at 0x74e90000 of 64 bytes failed: Only part of a ReadProcessMemory or WriteProcessMemory request was completed. (0x12B)
[0406/161019:WARNING:pe_image_reader.cc(280)] could not read dos header from C:\PROGRA~1\AVASTS~1\Avast\log.dll
[0406/161019:ERROR:process_reader_win.cc(232)] ReadMemory at 0x74620000 of 64 bytes failed: Only part of a ReadProcessMemory or WriteProcessMemory request was completed. (0x12B)
[0406/161019:WARNING:pe_image_reader.cc(280)] could not read dos header from C:\Windows\SYSTEM32\DNSAPI.dll
[0406/161019:ERROR:process_reader_win.cc(232)] ReadMemory at 0x74c20000 of 64 bytes failed: Only part of a ReadProcessMemory or WriteProcessMemory request was completed. (0x12B)
[0406/161019:WARNING:pe_image_reader.cc(280)] could not read dos header from C:\PROGRA~1\AVASTS~1\Avast\commchannel.dll
[0406/161019:ERROR:process_reader_win.cc(232)] ReadMemory at 0x74060000 of 64 bytes failed: Only part of a ReadProcessMemory or WriteProcessMemory request was completed. (0x12B)
[0406/161019:WARNING:pe_image_reader.cc(280)] could not read dos header from C:\PROGRA~1\AVASTS~1\Avast\JsonRpcServer.dll
[0406/161019:ERROR:process_reader_win.cc(232)] ReadMemory at 0x745e0000 of 64 bytes failed: Only part of a ReadProcessMemory or WriteProcessMemory request was completed. (0x12B)
[0406/161019:WARNING:pe_image_reader.cc(280)] could not read dos header from C:\Windows\SYSTEM32\rasman.dll
[0406/161019:ERROR:process_reader_win.cc(232)] ReadMemory at 0x749a0000 of 64 bytes failed: Only part of a ReadProcessMemory or WriteProcessMemory request was completed. (0x12B)
[0406/161019:WARNING:pe_image_reader.cc(280)] could not read dos header from C:\Windows\SYSTEM32\RASAPI32.dll
[0406/161019:ERROR:process_reader_win.cc(232)] ReadMemory at 0x74d20000 of 64 bytes failed: Only part of a ReadProcessMemory or WriteProcessMemory request was completed. (0x12B)
[0406/161019:WARNING:pe_image_reader.cc(280)] could not read dos header from C:\PROGRA~1\AVASTS~1\Avast\avastIP.dll
[0406/161019:ERROR:process_reader_win.cc(232)] ReadMemory at 0x74a80000 of 64 bytes failed: Only part of a ReadProcessMemory or WriteProcessMemory request was completed. (0x12B)
[0406/161019:WARNING:pe_image_reader.cc(280)] could not read dos header from C:\PROGRA~1\AVASTS~1\Avast\aswEngLdr.dll
[0406/161019:ERROR:process_reader_win.cc(232)] ReadMemory at 0x73980000 of 64 bytes failed: Only part of a ReadProcessMemory or WriteProcessMemory request was completed. (0x12B)
[0406/161019:WARNING:pe_image_reader.cc(280)] could not read dos header from C:\PROGRA~1\AVASTS~1\Avast\AavmRpch.dll
[0406/161019:ERROR:process_reader_win.cc(232)] ReadMemory at 0x74d40000 of 64 bytes failed: Only part of a ReadProcessMemory or WriteProcessMemory request was completed. (0x12B)
[0406/161019:WARNING:pe_image_reader.cc(280)] could not read dos header from C:\Windows\SYSTEM32\WSOCK32.dll
[0406/161019:ERROR:process_reader_win.cc(232)] ReadMemory at 0x77560000 of 64 bytes failed: Only part of a ReadProcessMemory or WriteProcessMemory request was completed. (0x12B)
[0406/161019:WARNING:pe_image_reader.cc(280)] could not read dos header from C:\Windows\SYSTEM32\SETUPAPI.dll
[0406/161019:ERROR:process_reader_win.cc(232)] ReadMemory at 0x74760000 of 64 bytes failed: Only part of a ReadProcessMemory or WriteProcessMemory request was completed. (0x12B)
[0406/161019:WARNING:pe_image_reader.cc(280)] could not read dos header from C:\Windows\SYSTEM32\WININET.dll
[0406/161019:ERROR:process_reader_win.cc(232)] ReadMemory at 0x74d80000 of 64 bytes failed: Only part of a ReadProcessMemory or WriteProcessMemory request was completed. (0x12B)
[0406/161019:WARNING:pe_image_reader.cc(280)] could not read dos header from C:\PROGRA~1\AVASTS~1\Avast\ashBase.dll
[0406/161019:ERROR:process_reader_win.cc(232)] ReadMemory at 0x73dd0000 of 64 bytes failed: Only part of a ReadProcessMemory or WriteProcessMemory request was completed. (0x12B)
[0406/161019:WARNING:pe_image_reader.cc(280)] could not read dos header from C:\PROGRA~1\AVASTS~1\Avast\aswAux.dll
[0406/161019:ERROR:process_reader_win.cc(232)] ReadMemory at 0x73ff0000 of 64 bytes failed: Only part of a ReadProcessMemory or WriteProcessMemory request was completed. (0x12B)
[0406/161019:WARNING:pe_image_reader.cc(280)] could not read dos header from C:\PROGRA~1\AVASTS~1\Avast\ashTask.dll
[0406/161019:ERROR:process_reader_win.cc(232)] ReadMemory at 0x73a40000 of 64 bytes failed: Only part of a ReadProcessMemory or WriteProcessMemory request was completed. (0x12B)
[0406/161019:WARNING:pe_image_reader.cc(280)] could not read dos header from C:\PROGRA~1\AVASTS~1\Avast\Aavm4h.dll
[0406/161019:ERROR:process_reader_win.cc(232)] ReadMemory at 0x70670000 of 64 bytes failed: Only part of a ReadProcessMemory or WriteProcessMemory request was completed. (0x12B)
[0406/161019:WARNING:pe_image_reader.cc(280)] could not read dos header from C:\Windows\SYSTEM32\dwrite.dll
[0406/161019:ERROR:process_reader_win.cc(232)] ReadMemory at 0xaec154 of 12 bytes failed: Only part of a ReadProcessMemory or WriteProcessMemory request was completed. (0x12B)
[0406/161019:WARNING:process_snapshot_win.cc(89)] ReadMemory ExceptionInformation failed
[0406/161019:WARNING:crash_report_exception_handler.cc(60)] ProcessSnapshotWin::InitializeException failed
[0406/161019:ERROR:scoped_process_suspend.cc(38)] NtResumeProcess, ntstatus=-1073741558
