\BOOKMARK [1][-]{section.1}{Gii thiu \040t\340i}{}% 1
\BOOKMARK [2][-]{subsection.1.1}{Tng quan v ch\355nh phu in t}{section.1}% 2
\BOOKMARK [2][-]{subsection.1.2}{Chi tit v \040t\340i}{section.1}% 3
\BOOKMARK [1][-]{section.2}{C\341c d \341n tng t}{}% 4
\BOOKMARK [2][-]{subsection.2.1}{Tr\352n th gii}{section.2}% 5
\BOOKMARK [3][-]{subsubsection.2.1.1}{New York}{subsection.2.1}% 6
\BOOKMARK [3][-]{subsubsection.2.1.2}{Singapore}{subsection.2.1}% 7
\BOOKMARK [2][-]{subsection.2.2}{Tai Vit Nam}{section.2}% 8
\BOOKMARK [3][-]{subsubsection.2.2.1}{Th\340nh ph H Ch\355 Minh}{subsection.2.2}% 9
\BOOKMARK [3][-]{subsubsection.2.2.2}{Th\340nh ph \320\340 Nng}{subsection.2.2}% 10
\BOOKMARK [1][-]{section.3}{Kin thc nn}{}% 11
\BOOKMARK [2][-]{subsection.3.1}{Open311}{section.3}% 12
\BOOKMARK [3][-]{subsubsection.3.1.1}{Gii thiu v\340 inh ngh\232a}{subsection.3.1}% 13
\BOOKMARK [3][-]{subsubsection.3.1.2}{GeoReport v2}{subsection.3.1}% 14
\BOOKMARK [2][-]{subsection.3.2}{RESTful Web Service}{section.3}% 15
\BOOKMARK [3][-]{subsubsection.3.2.1}{S dung c\341c phng thc HTTP mt c\341ch r\365 r\340ng}{subsection.3.2}% 16
\BOOKMARK [3][-]{subsubsection.3.2.2}{Phi trang th\341i}{subsection.3.2}% 17
\BOOKMARK [3][-]{subsubsection.3.2.3}{URIs hin thi theo dang cu tr\372c th muc}{subsection.3.2}% 18
\BOOKMARK [3][-]{subsubsection.3.2.4}{Biu din t\340i nguy\352n}{subsection.3.2}% 19
\BOOKMARK [2][-]{subsection.3.3}{JPA}{section.3}% 20
\BOOKMARK [2][-]{subsection.3.4}{AngularJS}{section.3}% 21
\BOOKMARK [3][-]{subsubsection.3.4.1}{Gii thiu v AngularJS}{subsection.3.4}% 22
\BOOKMARK [3][-]{subsubsection.3.4.2}{C\341c c t\355nh cua AngularJS}{subsection.3.4}% 23
\BOOKMARK [3][-]{subsubsection.3.4.3}{C\341c t\355nh nang ct l\365i cua AngularJS}{subsection.3.4}% 24
\BOOKMARK [3][-]{subsubsection.3.4.4}{C\341c th\340nh phn cua AngularJS}{subsection.3.4}% 25
\BOOKMARK [3][-]{subsubsection.3.4.5}{u v\340 nhc im}{subsection.3.4}% 26
\BOOKMARK [2][-]{subsection.3.5}{Android}{section.3}% 27
\BOOKMARK [3][-]{subsubsection.3.5.1}{Gii thiu v Android}{subsection.3.5}% 28
\BOOKMARK [3][-]{subsubsection.3.5.2}{Nguy\352n nh\342n s ph\341t trin manh me cua Android}{subsection.3.5}% 29
\BOOKMARK [3][-]{subsubsection.3.5.3}{C\341c t\355nh nang c ban cua Android}{subsection.3.5}% 30
\BOOKMARK [1][-]{section.4}{Hin thc d \341n}{}% 31
\BOOKMARK [2][-]{subsection.4.1}{C s d liu}{section.4}% 32
\BOOKMARK [2][-]{subsection.4.2}{Web Service}{section.4}% 33
\BOOKMARK [2][-]{subsection.4.3}{Client}{section.4}% 34
\BOOKMARK [1][-]{section.5}{Kh\363 khan v\340 th\341ch thc}{}% 35
\BOOKMARK [2][-]{subsection.5.1}{Ha tng c\364ng ngh th\364ng tin v\340 truyn th\364ng}{section.5}% 36
\BOOKMARK [2][-]{subsection.5.2}{Bao mt}{section.5}% 37
\BOOKMARK [2][-]{subsection.5.3}{T\355nh ri\352ng t}{section.5}% 38
\BOOKMARK [2][-]{subsection.5.4}{Tng t\341c a chiu}{section.5}% 39
\BOOKMARK [1][-]{section.6}{M rng \040t\340i}{}% 40
\BOOKMARK [1][-]{section.7}{Kt lun}{}% 41
\BOOKMARK [1][-]{section.8}{Phu luc}{}% 42
